d:\pc data\simplemenus-91\simplemenus\sources\pc\debug\vc120.pdb
d:\pc data\simplemenus-91\simplemenus\sources\pc\debug\vc120.idb
d:\pc data\simplemenus-91\simplemenus\sources\pc\debug\mainmenu.obj
d:\pc data\simplemenus-91\simplemenus\sources\pc\debug\mainupdate.obj
d:\pc data\simplemenus-91\simplemenus\sources\pc\debug\menustate.obj
d:\pc data\simplemenus-91\simplemenus\sources\pc\debug\mainpc.obj
d:\pc data\simplemenus-91\simplemenus\sources\pc\debug\maingame.obj
d:\pc data\simplemenus-91\simplemenus\sources\pc\debug\simplemenusd.ilk
d:\pc data\simplemenus-91\simplemenus\sources\pc\debug\simplemenusd.exe
d:\pc data\simplemenus-91\simplemenus\sources\pc\debug\simplemenusd.pdb
d:\pc data\simplemenus-91\simplemenus\sources\pc\debug\resource.res
d:\pc data\simplemenus-91\simplemenus\sources\pc\debug\simplemenusd.lib
d:\pc data\simplemenus-91\simplemenus\sources\pc\debug\simplemenusd.exp
d:\pc data\simplemenus-91\simplemenus\sources\pc\debug\simpleme.7652cd6b.tlog\cl.command.1.tlog
d:\pc data\simplemenus-91\simplemenus\sources\pc\debug\simpleme.7652cd6b.tlog\cl.read.1.tlog
d:\pc data\simplemenus-91\simplemenus\sources\pc\debug\simpleme.7652cd6b.tlog\cl.write.1.tlog
d:\pc data\simplemenus-91\simplemenus\sources\pc\debug\simpleme.7652cd6b.tlog\link.command.1.tlog
d:\pc data\simplemenus-91\simplemenus\sources\pc\debug\simpleme.7652cd6b.tlog\link.read.1.tlog
d:\pc data\simplemenus-91\simplemenus\sources\pc\debug\simpleme.7652cd6b.tlog\link.write.1.tlog
d:\pc data\simplemenus-91\simplemenus\sources\pc\debug\simpleme.7652cd6b.tlog\rc.command.1.tlog
d:\pc data\simplemenus-91\simplemenus\sources\pc\debug\simpleme.7652cd6b.tlog\rc.read.1.tlog
d:\pc data\simplemenus-91\simplemenus\sources\pc\debug\simpleme.7652cd6b.tlog\rc.write.1.tlog
d:\pc data\simplemenus-91\simplemenus\sources\pc\debug\simpleme.7652cd6b.tlog\simplemenuspcvs2013.write.1u.tlog
